[0.000][INFO]:      ChromeDriver 23.0.1240.0 /usr/local/bin/chromedriver
[0.012][FINE]:      Initializing session with capabilities {
   "browserName": "chrome",
   "chrome.detach": true,
   "chromeOptions": {
      "detach": true
   },
   "cssSelectorsEnabled": true,
   "javascriptEnabled": true,
   "nativeEvents": false,
   "platform": "ANY",
   "rotatable": false,
   "takesScreenshot": false,
   "version": ""
}

[0.012][INFO]:      Using named testing interface
[0.513][INFO]:      Connected to Chrome successfully. Version: 22.0.1229.94
[0.516][FINE]:      Command received (/session/cf8d06d3c9f3d79aafe54e22d0e4f3e7)
[0.516][FINE]:      Command finished (/session/cf8d06d3c9f3d79aafe54e22d0e4f3e7) with response {
   "sessionId": "cf8d06d3c9f3d79aafe54e22d0e4f3e7",
   "status": 0,
   "value": {
      "acceptSslCerts": false,
      "applicationCacheEnabled": false,
      "browserConnectionEnabled": false,
      "browserName": "chrome",
      "chrome.chromedriverVersion": "23.0.1240.0",
      "chrome.nativeEvents": false,
      "cssSelectorsEnabled": true,
      "databaseEnabled": false,
      "handlesAlerts": true,
      "javascriptEnabled": true,
      "locationContextEnabled": false,
      "nativeEvents": true,
      "platform": "linux",
      "rotatable": false,
      "takesScreenshot": true,
      "version": "22.0.1229.94",
      "webStorageEnabled": true
   }
}

[0.517][FINE]:      Command received (/session/cf8d06d3c9f3d79aafe54e22d0e4f3e7/url) with params {
   "url": "http://www.elmar.nl"
}

[0.517][FINER]:     Waiting for all views to stop loading...
[0.517][FINER]:     Done waiting for all views to stop loading
[9.759][FINER]:     Waiting for all views to stop loading...
[9.862][FINER]:     Done waiting for all views to stop loading
[9.862][FINE]:      Command finished (/session/cf8d06d3c9f3d79aafe54e22d0e4f3e7/url) with response {
   "sessionId": "cf8d06d3c9f3d79aafe54e22d0e4f3e7",
   "status": 0,
   "value": {

   }
}

[9.889][FINE]:      Command received (/session/cf8d06d3c9f3d79aafe54e22d0e4f3e7/elements) with params {
   "using": "xpath",
   "value": ".//a[./@href][(((./@id = 'Alle vakantie bestemmingen' or contains(normalize-space(string(.)), 'Al..."
}

[9.889][FINER]:     Waiting for all views to stop loading...
[9.890][FINER]:     Done waiting for all views to stop loading
[9.909][FINER]:     Waiting for all views to stop loading...
[9.910][FINER]:     Done waiting for all views to stop loading
[9.910][FINE]:      Command finished (/session/cf8d06d3c9f3d79aafe54e22d0e4f3e7/elements) with response {
   "sessionId": "cf8d06d3c9f3d79aafe54e22d0e4f3e7",
   "status": 0,
   "value": [ {
      "ELEMENT": ":wdc:1353927699707"
   } ]
}

[9.924][FINE]:      Command received (/session/cf8d06d3c9f3d79aafe54e22d0e4f3e7/element/:wdc:1353927699707/click) with params {

}

[9.924][FINER]:     Waiting for all views to stop loading...
[9.924][FINER]:     Done waiting for all views to stop loading
[9.996][FINER]:     Waiting for all views to stop loading...
[15.117][FINER]:    Done waiting for all views to stop loading
[15.117][FINE]:     Command finished (/session/cf8d06d3c9f3d79aafe54e22d0e4f3e7/element/:wdc:1353927699707/click) with response {
   "sessionId": "cf8d06d3c9f3d79aafe54e22d0e4f3e7",
   "status": 0,
   "value": {

   }
}

[15.119][FINE]:     Command received (/session/cf8d06d3c9f3d79aafe54e22d0e4f3e7/elements) with params {
   "using": "xpath",
   "value": ".//a[./@href][(((./@id = 'Bekijk prijzen' or contains(normalize-space(string(.)), 'Bekijk prijzen..."
}

[15.119][FINER]:    Waiting for all views to stop loading...
[15.120][FINER]:    Done waiting for all views to stop loading
[15.148][FINER]:    Waiting for all views to stop loading...
[15.149][FINER]:    Done waiting for all views to stop loading
[15.149][FINE]:     Command finished (/session/cf8d06d3c9f3d79aafe54e22d0e4f3e7/elements) with response {
   "sessionId": "cf8d06d3c9f3d79aafe54e22d0e4f3e7",
   "status": 0,
   "value": [  ]
}

[15.201][FINE]:     Command received (/session/cf8d06d3c9f3d79aafe54e22d0e4f3e7/elements) with params {
   "using": "xpath",
   "value": ".//a[./@href][(((./@id = 'Bekijk prijzen' or contains(normalize-space(string(.)), 'Bekijk prijzen..."
}

[15.201][FINER]:    Waiting for all views to stop loading...
[15.201][FINER]:    Done waiting for all views to stop loading
[15.212][FINER]:    Waiting for all views to stop loading...
[15.212][FINER]:    Done waiting for all views to stop loading
[15.212][FINE]:     Command finished (/session/cf8d06d3c9f3d79aafe54e22d0e4f3e7/elements) with response {
   "sessionId": "cf8d06d3c9f3d79aafe54e22d0e4f3e7",
   "status": 0,
   "value": [  ]
}

[15.264][FINE]:     Command received (/session/cf8d06d3c9f3d79aafe54e22d0e4f3e7/elements) with params {
   "using": "xpath",
   "value": ".//a[./@href][(((./@id = 'Bekijk prijzen' or contains(normalize-space(string(.)), 'Bekijk prijzen..."
}

[15.264][FINER]:    Waiting for all views to stop loading...
[15.264][FINER]:    Done waiting for all views to stop loading
[15.275][FINER]:    Waiting for all views to stop loading...
[15.276][FINER]:    Done waiting for all views to stop loading
[15.276][FINE]:     Command finished (/session/cf8d06d3c9f3d79aafe54e22d0e4f3e7/elements) with response {
   "sessionId": "cf8d06d3c9f3d79aafe54e22d0e4f3e7",
   "status": 0,
   "value": [  ]
}

[15.328][FINE]:     Command received (/session/cf8d06d3c9f3d79aafe54e22d0e4f3e7/elements) with params {
   "using": "xpath",
   "value": ".//a[./@href][(((./@id = 'Bekijk prijzen' or contains(normalize-space(string(.)), 'Bekijk prijzen..."
}

[15.328][FINER]:    Waiting for all views to stop loading...
[15.328][FINER]:    Done waiting for all views to stop loading
[15.339][FINER]:    Waiting for all views to stop loading...
[15.340][FINER]:    Done waiting for all views to stop loading
[15.340][FINE]:     Command finished (/session/cf8d06d3c9f3d79aafe54e22d0e4f3e7/elements) with response {
   "sessionId": "cf8d06d3c9f3d79aafe54e22d0e4f3e7",
   "status": 0,
   "value": [  ]
}

[15.392][FINE]:     Command received (/session/cf8d06d3c9f3d79aafe54e22d0e4f3e7/elements) with params {
   "using": "xpath",
   "value": ".//a[./@href][(((./@id = 'Bekijk prijzen' or contains(normalize-space(string(.)), 'Bekijk prijzen..."
}

[15.392][FINER]:    Waiting for all views to stop loading...
[15.393][FINER]:    Done waiting for all views to stop loading
[15.403][FINER]:    Waiting for all views to stop loading...
[15.404][FINER]:    Done waiting for all views to stop loading
[15.404][FINE]:     Command finished (/session/cf8d06d3c9f3d79aafe54e22d0e4f3e7/elements) with response {
   "sessionId": "cf8d06d3c9f3d79aafe54e22d0e4f3e7",
   "status": 0,
   "value": [  ]
}

[15.456][FINE]:     Command received (/session/cf8d06d3c9f3d79aafe54e22d0e4f3e7/elements) with params {
   "using": "xpath",
   "value": ".//a[./@href][(((./@id = 'Bekijk prijzen' or contains(normalize-space(string(.)), 'Bekijk prijzen..."
}

[15.456][FINER]:    Waiting for all views to stop loading...
[15.456][FINER]:    Done waiting for all views to stop loading
[15.468][FINER]:    Waiting for all views to stop loading...
[15.469][FINER]:    Done waiting for all views to stop loading
[15.469][FINE]:     Command finished (/session/cf8d06d3c9f3d79aafe54e22d0e4f3e7/elements) with response {
   "sessionId": "cf8d06d3c9f3d79aafe54e22d0e4f3e7",
   "status": 0,
   "value": [  ]
}

[15.520][FINE]:     Command received (/session/cf8d06d3c9f3d79aafe54e22d0e4f3e7/elements) with params {
   "using": "xpath",
   "value": ".//a[./@href][(((./@id = 'Bekijk prijzen' or contains(normalize-space(string(.)), 'Bekijk prijzen..."
}

[15.520][FINER]:    Waiting for all views to stop loading...
[15.521][FINER]:    Done waiting for all views to stop loading
[15.530][FINER]:    Waiting for all views to stop loading...
[15.531][FINER]:    Done waiting for all views to stop loading
[15.531][FINE]:     Command finished (/session/cf8d06d3c9f3d79aafe54e22d0e4f3e7/elements) with response {
   "sessionId": "cf8d06d3c9f3d79aafe54e22d0e4f3e7",
   "status": 0,
   "value": [  ]
}

[15.583][FINE]:     Command received (/session/cf8d06d3c9f3d79aafe54e22d0e4f3e7/elements) with params {
   "using": "xpath",
   "value": ".//a[./@href][(((./@id = 'Bekijk prijzen' or contains(normalize-space(string(.)), 'Bekijk prijzen..."
}

[15.583][FINER]:    Waiting for all views to stop loading...
[15.584][FINER]:    Done waiting for all views to stop loading
[15.595][FINER]:    Waiting for all views to stop loading...
[15.595][FINER]:    Done waiting for all views to stop loading
[15.595][FINE]:     Command finished (/session/cf8d06d3c9f3d79aafe54e22d0e4f3e7/elements) with response {
   "sessionId": "cf8d06d3c9f3d79aafe54e22d0e4f3e7",
   "status": 0,
   "value": [  ]
}

[15.647][FINE]:     Command received (/session/cf8d06d3c9f3d79aafe54e22d0e4f3e7/elements) with params {
   "using": "xpath",
   "value": ".//a[./@href][(((./@id = 'Bekijk prijzen' or contains(normalize-space(string(.)), 'Bekijk prijzen..."
}

[15.647][FINER]:    Waiting for all views to stop loading...
[15.648][FINER]:    Done waiting for all views to stop loading
[15.659][FINER]:    Waiting for all views to stop loading...
[15.660][FINER]:    Done waiting for all views to stop loading
[15.660][FINE]:     Command finished (/session/cf8d06d3c9f3d79aafe54e22d0e4f3e7/elements) with response {
   "sessionId": "cf8d06d3c9f3d79aafe54e22d0e4f3e7",
   "status": 0,
   "value": [  ]
}

[15.712][FINE]:     Command received (/session/cf8d06d3c9f3d79aafe54e22d0e4f3e7/elements) with params {
   "using": "xpath",
   "value": ".//a[./@href][(((./@id = 'Bekijk prijzen' or contains(normalize-space(string(.)), 'Bekijk prijzen..."
}

[15.712][FINER]:    Waiting for all views to stop loading...
[15.712][FINER]:    Done waiting for all views to stop loading
[15.723][FINER]:    Waiting for all views to stop loading...
[15.724][FINER]:    Done waiting for all views to stop loading
[15.724][FINE]:     Command finished (/session/cf8d06d3c9f3d79aafe54e22d0e4f3e7/elements) with response {
   "sessionId": "cf8d06d3c9f3d79aafe54e22d0e4f3e7",
   "status": 0,
   "value": [  ]
}

[15.776][FINE]:     Command received (/session/cf8d06d3c9f3d79aafe54e22d0e4f3e7/elements) with params {
   "using": "xpath",
   "value": ".//a[./@href][(((./@id = 'Bekijk prijzen' or contains(normalize-space(string(.)), 'Bekijk prijzen..."
}

[15.776][FINER]:    Waiting for all views to stop loading...
[15.776][FINER]:    Done waiting for all views to stop loading
[15.787][FINER]:    Waiting for all views to stop loading...
[15.788][FINER]:    Done waiting for all views to stop loading
[15.788][FINE]:     Command finished (/session/cf8d06d3c9f3d79aafe54e22d0e4f3e7/elements) with response {
   "sessionId": "cf8d06d3c9f3d79aafe54e22d0e4f3e7",
   "status": 0,
   "value": [  ]
}

[15.839][FINE]:     Command received (/session/cf8d06d3c9f3d79aafe54e22d0e4f3e7/elements) with params {
   "using": "xpath",
   "value": ".//a[./@href][(((./@id = 'Bekijk prijzen' or contains(normalize-space(string(.)), 'Bekijk prijzen..."
}

[15.839][FINER]:    Waiting for all views to stop loading...
[15.840][FINER]:    Done waiting for all views to stop loading
[15.851][FINER]:    Waiting for all views to stop loading...
[15.851][FINER]:    Done waiting for all views to stop loading
[15.851][FINE]:     Command finished (/session/cf8d06d3c9f3d79aafe54e22d0e4f3e7/elements) with response {
   "sessionId": "cf8d06d3c9f3d79aafe54e22d0e4f3e7",
   "status": 0,
   "value": [  ]
}

[15.903][FINE]:     Command received (/session/cf8d06d3c9f3d79aafe54e22d0e4f3e7/elements) with params {
   "using": "xpath",
   "value": ".//a[./@href][(((./@id = 'Bekijk prijzen' or contains(normalize-space(string(.)), 'Bekijk prijzen..."
}

[15.903][FINER]:    Waiting for all views to stop loading...
[15.903][FINER]:    Done waiting for all views to stop loading
[15.914][FINER]:    Waiting for all views to stop loading...
[15.914][FINER]:    Done waiting for all views to stop loading
[15.915][FINE]:     Command finished (/session/cf8d06d3c9f3d79aafe54e22d0e4f3e7/elements) with response {
   "sessionId": "cf8d06d3c9f3d79aafe54e22d0e4f3e7",
   "status": 0,
   "value": [  ]
}

[15.966][FINE]:     Command received (/session/cf8d06d3c9f3d79aafe54e22d0e4f3e7/elements) with params {
   "using": "xpath",
   "value": ".//a[./@href][(((./@id = 'Bekijk prijzen' or contains(normalize-space(string(.)), 'Bekijk prijzen..."
}

[15.966][FINER]:    Waiting for all views to stop loading...
[15.967][FINER]:    Done waiting for all views to stop loading
[15.978][FINER]:    Waiting for all views to stop loading...
[15.979][FINER]:    Done waiting for all views to stop loading
[15.979][FINE]:     Command finished (/session/cf8d06d3c9f3d79aafe54e22d0e4f3e7/elements) with response {
   "sessionId": "cf8d06d3c9f3d79aafe54e22d0e4f3e7",
   "status": 0,
   "value": [  ]
}

[16.031][FINE]:     Command received (/session/cf8d06d3c9f3d79aafe54e22d0e4f3e7/elements) with params {
   "using": "xpath",
   "value": ".//a[./@href][(((./@id = 'Bekijk prijzen' or contains(normalize-space(string(.)), 'Bekijk prijzen..."
}

[16.031][FINER]:    Waiting for all views to stop loading...
[16.031][FINER]:    Done waiting for all views to stop loading
[16.042][FINER]:    Waiting for all views to stop loading...
[16.043][FINER]:    Done waiting for all views to stop loading
[16.043][FINE]:     Command finished (/session/cf8d06d3c9f3d79aafe54e22d0e4f3e7/elements) with response {
   "sessionId": "cf8d06d3c9f3d79aafe54e22d0e4f3e7",
   "status": 0,
   "value": [  ]
}

[16.094][FINE]:     Command received (/session/cf8d06d3c9f3d79aafe54e22d0e4f3e7/elements) with params {
   "using": "xpath",
   "value": ".//a[./@href][(((./@id = 'Bekijk prijzen' or contains(normalize-space(string(.)), 'Bekijk prijzen..."
}

[16.094][FINER]:    Waiting for all views to stop loading...
[16.095][FINER]:    Done waiting for all views to stop loading
[16.106][FINER]:    Waiting for all views to stop loading...
[16.106][FINER]:    Done waiting for all views to stop loading
[16.106][FINE]:     Command finished (/session/cf8d06d3c9f3d79aafe54e22d0e4f3e7/elements) with response {
   "sessionId": "cf8d06d3c9f3d79aafe54e22d0e4f3e7",
   "status": 0,
   "value": [  ]
}

[16.158][FINE]:     Command received (/session/cf8d06d3c9f3d79aafe54e22d0e4f3e7/elements) with params {
   "using": "xpath",
   "value": ".//a[./@href][(((./@id = 'Bekijk prijzen' or contains(normalize-space(string(.)), 'Bekijk prijzen..."
}

[16.158][FINER]:    Waiting for all views to stop loading...
[16.159][FINER]:    Done waiting for all views to stop loading
[16.169][FINER]:    Waiting for all views to stop loading...
[16.170][FINER]:    Done waiting for all views to stop loading
[16.170][FINE]:     Command finished (/session/cf8d06d3c9f3d79aafe54e22d0e4f3e7/elements) with response {
   "sessionId": "cf8d06d3c9f3d79aafe54e22d0e4f3e7",
   "status": 0,
   "value": [  ]
}

[16.242][FINE]:     Command received (/session/cf8d06d3c9f3d79aafe54e22d0e4f3e7/elements) with params {
   "using": "xpath",
   "value": ".//a[./@href][(((./@id = 'Bekijk prijzen' or contains(normalize-space(string(.)), 'Bekijk prijzen..."
}

[16.242][FINER]:    Waiting for all views to stop loading...
[16.243][FINER]:    Done waiting for all views to stop loading
[16.253][FINER]:    Waiting for all views to stop loading...
[16.254][FINER]:    Done waiting for all views to stop loading
[16.254][FINE]:     Command finished (/session/cf8d06d3c9f3d79aafe54e22d0e4f3e7/elements) with response {
   "sessionId": "cf8d06d3c9f3d79aafe54e22d0e4f3e7",
   "status": 0,
   "value": [  ]
}

[16.306][FINE]:     Command received (/session/cf8d06d3c9f3d79aafe54e22d0e4f3e7/elements) with params {
   "using": "xpath",
   "value": ".//a[./@href][(((./@id = 'Bekijk prijzen' or contains(normalize-space(string(.)), 'Bekijk prijzen..."
}

[16.306][FINER]:    Waiting for all views to stop loading...
[16.307][FINER]:    Done waiting for all views to stop loading
[16.318][FINER]:    Waiting for all views to stop loading...
[16.318][FINER]:    Done waiting for all views to stop loading
[16.318][FINE]:     Command finished (/session/cf8d06d3c9f3d79aafe54e22d0e4f3e7/elements) with response {
   "sessionId": "cf8d06d3c9f3d79aafe54e22d0e4f3e7",
   "status": 0,
   "value": [  ]
}

[16.370][FINE]:     Command received (/session/cf8d06d3c9f3d79aafe54e22d0e4f3e7/elements) with params {
   "using": "xpath",
   "value": ".//a[./@href][(((./@id = 'Bekijk prijzen' or contains(normalize-space(string(.)), 'Bekijk prijzen..."
}

[16.370][FINER]:    Waiting for all views to stop loading...
[16.371][FINER]:    Done waiting for all views to stop loading
[16.382][FINER]:    Waiting for all views to stop loading...
[16.382][FINER]:    Done waiting for all views to stop loading
[16.382][FINE]:     Command finished (/session/cf8d06d3c9f3d79aafe54e22d0e4f3e7/elements) with response {
   "sessionId": "cf8d06d3c9f3d79aafe54e22d0e4f3e7",
   "status": 0,
   "value": [  ]
}

[16.434][FINE]:     Command received (/session/cf8d06d3c9f3d79aafe54e22d0e4f3e7/elements) with params {
   "using": "xpath",
   "value": ".//a[./@href][(((./@id = 'Bekijk prijzen' or contains(normalize-space(string(.)), 'Bekijk prijzen..."
}

[16.434][FINER]:    Waiting for all views to stop loading...
[16.435][FINER]:    Done waiting for all views to stop loading
[16.445][FINER]:    Waiting for all views to stop loading...
[16.446][FINER]:    Done waiting for all views to stop loading
[16.446][FINE]:     Command finished (/session/cf8d06d3c9f3d79aafe54e22d0e4f3e7/elements) with response {
   "sessionId": "cf8d06d3c9f3d79aafe54e22d0e4f3e7",
   "status": 0,
   "value": [  ]
}

[16.498][FINE]:     Command received (/session/cf8d06d3c9f3d79aafe54e22d0e4f3e7/elements) with params {
   "using": "xpath",
   "value": ".//a[./@href][(((./@id = 'Bekijk prijzen' or contains(normalize-space(string(.)), 'Bekijk prijzen..."
}

[16.498][FINER]:    Waiting for all views to stop loading...
[16.498][FINER]:    Done waiting for all views to stop loading
[16.509][FINER]:    Waiting for all views to stop loading...
[16.510][FINER]:    Done waiting for all views to stop loading
[16.510][FINE]:     Command finished (/session/cf8d06d3c9f3d79aafe54e22d0e4f3e7/elements) with response {
   "sessionId": "cf8d06d3c9f3d79aafe54e22d0e4f3e7",
   "status": 0,
   "value": [  ]
}

[16.561][FINE]:     Command received (/session/cf8d06d3c9f3d79aafe54e22d0e4f3e7/elements) with params {
   "using": "xpath",
   "value": ".//a[./@href][(((./@id = 'Bekijk prijzen' or contains(normalize-space(string(.)), 'Bekijk prijzen..."
}

[16.561][FINER]:    Waiting for all views to stop loading...
[16.562][FINER]:    Done waiting for all views to stop loading
[16.573][FINER]:    Waiting for all views to stop loading...
[16.573][FINER]:    Done waiting for all views to stop loading
[16.573][FINE]:     Command finished (/session/cf8d06d3c9f3d79aafe54e22d0e4f3e7/elements) with response {
   "sessionId": "cf8d06d3c9f3d79aafe54e22d0e4f3e7",
   "status": 0,
   "value": [  ]
}

[16.625][FINE]:     Command received (/session/cf8d06d3c9f3d79aafe54e22d0e4f3e7/elements) with params {
   "using": "xpath",
   "value": ".//a[./@href][(((./@id = 'Bekijk prijzen' or contains(normalize-space(string(.)), 'Bekijk prijzen..."
}

[16.625][FINER]:    Waiting for all views to stop loading...
[16.626][FINER]:    Done waiting for all views to stop loading
[16.637][FINER]:    Waiting for all views to stop loading...
[16.637][FINER]:    Done waiting for all views to stop loading
[16.637][FINE]:     Command finished (/session/cf8d06d3c9f3d79aafe54e22d0e4f3e7/elements) with response {
   "sessionId": "cf8d06d3c9f3d79aafe54e22d0e4f3e7",
   "status": 0,
   "value": [  ]
}

[16.689][FINE]:     Command received (/session/cf8d06d3c9f3d79aafe54e22d0e4f3e7/elements) with params {
   "using": "xpath",
   "value": ".//a[./@href][(((./@id = 'Bekijk prijzen' or contains(normalize-space(string(.)), 'Bekijk prijzen..."
}

[16.689][FINER]:    Waiting for all views to stop loading...
[16.690][FINER]:    Done waiting for all views to stop loading
[16.700][FINER]:    Waiting for all views to stop loading...
[16.701][FINER]:    Done waiting for all views to stop loading
[16.701][FINE]:     Command finished (/session/cf8d06d3c9f3d79aafe54e22d0e4f3e7/elements) with response {
   "sessionId": "cf8d06d3c9f3d79aafe54e22d0e4f3e7",
   "status": 0,
   "value": [  ]
}

[16.753][FINE]:     Command received (/session/cf8d06d3c9f3d79aafe54e22d0e4f3e7/elements) with params {
   "using": "xpath",
   "value": ".//a[./@href][(((./@id = 'Bekijk prijzen' or contains(normalize-space(string(.)), 'Bekijk prijzen..."
}

[16.753][FINER]:    Waiting for all views to stop loading...
[16.753][FINER]:    Done waiting for all views to stop loading
[16.762][FINER]:    Waiting for all views to stop loading...
[16.763][FINER]:    Done waiting for all views to stop loading
[16.763][FINE]:     Command finished (/session/cf8d06d3c9f3d79aafe54e22d0e4f3e7/elements) with response {
   "sessionId": "cf8d06d3c9f3d79aafe54e22d0e4f3e7",
   "status": 0,
   "value": [  ]
}

[16.815][FINE]:     Command received (/session/cf8d06d3c9f3d79aafe54e22d0e4f3e7/elements) with params {
   "using": "xpath",
   "value": ".//a[./@href][(((./@id = 'Bekijk prijzen' or contains(normalize-space(string(.)), 'Bekijk prijzen..."
}

[16.815][FINER]:    Waiting for all views to stop loading...
[16.815][FINER]:    Done waiting for all views to stop loading
[16.827][FINER]:    Waiting for all views to stop loading...
[16.828][FINER]:    Done waiting for all views to stop loading
[16.828][FINE]:     Command finished (/session/cf8d06d3c9f3d79aafe54e22d0e4f3e7/elements) with response {
   "sessionId": "cf8d06d3c9f3d79aafe54e22d0e4f3e7",
   "status": 0,
   "value": [  ]
}

[16.879][FINE]:     Command received (/session/cf8d06d3c9f3d79aafe54e22d0e4f3e7/elements) with params {
   "using": "xpath",
   "value": ".//a[./@href][(((./@id = 'Bekijk prijzen' or contains(normalize-space(string(.)), 'Bekijk prijzen..."
}

[16.879][FINER]:    Waiting for all views to stop loading...
[16.880][FINER]:    Done waiting for all views to stop loading
[16.891][FINER]:    Waiting for all views to stop loading...
[16.891][FINER]:    Done waiting for all views to stop loading
[16.891][FINE]:     Command finished (/session/cf8d06d3c9f3d79aafe54e22d0e4f3e7/elements) with response {
   "sessionId": "cf8d06d3c9f3d79aafe54e22d0e4f3e7",
   "status": 0,
   "value": [  ]
}

[16.943][FINE]:     Command received (/session/cf8d06d3c9f3d79aafe54e22d0e4f3e7/elements) with params {
   "using": "xpath",
   "value": ".//a[./@href][(((./@id = 'Bekijk prijzen' or contains(normalize-space(string(.)), 'Bekijk prijzen..."
}

[16.943][FINER]:    Waiting for all views to stop loading...
[16.944][FINER]:    Done waiting for all views to stop loading
[16.954][FINER]:    Waiting for all views to stop loading...
[16.955][FINER]:    Done waiting for all views to stop loading
[16.955][FINE]:     Command finished (/session/cf8d06d3c9f3d79aafe54e22d0e4f3e7/elements) with response {
   "sessionId": "cf8d06d3c9f3d79aafe54e22d0e4f3e7",
   "status": 0,
   "value": [  ]
}

[17.006][FINE]:     Command received (/session/cf8d06d3c9f3d79aafe54e22d0e4f3e7/elements) with params {
   "using": "xpath",
   "value": ".//a[./@href][(((./@id = 'Bekijk prijzen' or contains(normalize-space(string(.)), 'Bekijk prijzen..."
}

[17.006][FINER]:    Waiting for all views to stop loading...
[17.007][FINER]:    Done waiting for all views to stop loading
[17.018][FINER]:    Waiting for all views to stop loading...
[17.018][FINER]:    Done waiting for all views to stop loading
[17.018][FINE]:     Command finished (/session/cf8d06d3c9f3d79aafe54e22d0e4f3e7/elements) with response {
   "sessionId": "cf8d06d3c9f3d79aafe54e22d0e4f3e7",
   "status": 0,
   "value": [  ]
}

[17.070][FINE]:     Command received (/session/cf8d06d3c9f3d79aafe54e22d0e4f3e7/elements) with params {
   "using": "xpath",
   "value": ".//a[./@href][(((./@id = 'Bekijk prijzen' or contains(normalize-space(string(.)), 'Bekijk prijzen..."
}

[17.070][FINER]:    Waiting for all views to stop loading...
[17.071][FINER]:    Done waiting for all views to stop loading
[17.081][FINER]:    Waiting for all views to stop loading...
[17.082][FINER]:    Done waiting for all views to stop loading
[17.082][FINE]:     Command finished (/session/cf8d06d3c9f3d79aafe54e22d0e4f3e7/elements) with response {
   "sessionId": "cf8d06d3c9f3d79aafe54e22d0e4f3e7",
   "status": 0,
   "value": [  ]
}

[17.134][FINE]:     Command received (/session/cf8d06d3c9f3d79aafe54e22d0e4f3e7/elements) with params {
   "using": "xpath",
   "value": ".//a[./@href][(((./@id = 'Bekijk prijzen' or contains(normalize-space(string(.)), 'Bekijk prijzen..."
}

[17.134][FINER]:    Waiting for all views to stop loading...
[17.134][FINER]:    Done waiting for all views to stop loading
[17.145][FINER]:    Waiting for all views to stop loading...
[17.146][FINER]:    Done waiting for all views to stop loading
[17.146][FINE]:     Command finished (/session/cf8d06d3c9f3d79aafe54e22d0e4f3e7/elements) with response {
   "sessionId": "cf8d06d3c9f3d79aafe54e22d0e4f3e7",
   "status": 0,
   "value": [  ]
}

[17.198][FINE]:     Command received (/session/cf8d06d3c9f3d79aafe54e22d0e4f3e7/elements) with params {
   "using": "xpath",
   "value": ".//a[./@href][(((./@id = 'Bekijk prijzen' or contains(normalize-space(string(.)), 'Bekijk prijzen..."
}

[17.198][FINER]:    Waiting for all views to stop loading...
[17.198][FINER]:    Done waiting for all views to stop loading
[17.209][FINER]:    Waiting for all views to stop loading...
[17.209][FINER]:    Done waiting for all views to stop loading
[17.209][FINE]:     Command finished (/session/cf8d06d3c9f3d79aafe54e22d0e4f3e7/elements) with response {
   "sessionId": "cf8d06d3c9f3d79aafe54e22d0e4f3e7",
   "status": 0,
   "value": [  ]
}

[17.261][FINE]:     Command received (/session/cf8d06d3c9f3d79aafe54e22d0e4f3e7/elements) with params {
   "using": "xpath",
   "value": ".//a[./@href][(((./@id = 'Bekijk prijzen' or contains(normalize-space(string(.)), 'Bekijk prijzen..."
}

[17.261][FINER]:    Waiting for all views to stop loading...
[17.262][FINER]:    Done waiting for all views to stop loading
[17.272][FINER]:    Waiting for all views to stop loading...
[17.272][FINER]:    Done waiting for all views to stop loading
[17.272][FINE]:     Command finished (/session/cf8d06d3c9f3d79aafe54e22d0e4f3e7/elements) with response {
   "sessionId": "cf8d06d3c9f3d79aafe54e22d0e4f3e7",
   "status": 0,
   "value": [  ]
}

[17.324][FINE]:     Command received (/session/cf8d06d3c9f3d79aafe54e22d0e4f3e7/elements) with params {
   "using": "xpath",
   "value": ".//a[./@href][(((./@id = 'Bekijk prijzen' or contains(normalize-space(string(.)), 'Bekijk prijzen..."
}

[17.324][FINER]:    Waiting for all views to stop loading...
[17.325][FINER]:    Done waiting for all views to stop loading
[17.336][FINER]:    Waiting for all views to stop loading...
[17.336][FINER]:    Done waiting for all views to stop loading
[17.336][FINE]:     Command finished (/session/cf8d06d3c9f3d79aafe54e22d0e4f3e7/elements) with response {
   "sessionId": "cf8d06d3c9f3d79aafe54e22d0e4f3e7",
   "status": 0,
   "value": [  ]
}

[17.388][FINE]:     Command received (/session/cf8d06d3c9f3d79aafe54e22d0e4f3e7/elements) with params {
   "using": "xpath",
   "value": ".//a[./@href][(((./@id = 'Bekijk prijzen' or contains(normalize-space(string(.)), 'Bekijk prijzen..."
}

[17.388][FINER]:    Waiting for all views to stop loading...
[17.389][FINER]:    Done waiting for all views to stop loading
[17.397][FINER]:    Waiting for all views to stop loading...
[17.398][FINER]:    Done waiting for all views to stop loading
[17.398][FINE]:     Command finished (/session/cf8d06d3c9f3d79aafe54e22d0e4f3e7/elements) with response {
   "sessionId": "cf8d06d3c9f3d79aafe54e22d0e4f3e7",
   "status": 0,
   "value": [  ]
}

[17.449][FINE]:     Command received (/session/cf8d06d3c9f3d79aafe54e22d0e4f3e7/elements) with params {
   "using": "xpath",
   "value": ".//a[./@href][(((./@id = 'Bekijk prijzen' or contains(normalize-space(string(.)), 'Bekijk prijzen..."
}

[17.449][FINER]:    Waiting for all views to stop loading...
[17.450][FINER]:    Done waiting for all views to stop loading
[17.461][FINER]:    Waiting for all views to stop loading...
[17.461][FINER]:    Done waiting for all views to stop loading
[17.462][FINE]:     Command finished (/session/cf8d06d3c9f3d79aafe54e22d0e4f3e7/elements) with response {
   "sessionId": "cf8d06d3c9f3d79aafe54e22d0e4f3e7",
   "status": 0,
   "value": [  ]
}

[17.513][FINE]:     Command received (/session/cf8d06d3c9f3d79aafe54e22d0e4f3e7/elements) with params {
   "using": "xpath",
   "value": ".//a[./@href][(((./@id = 'Bekijk prijzen' or contains(normalize-space(string(.)), 'Bekijk prijzen..."
}

[17.513][FINER]:    Waiting for all views to stop loading...
[17.514][FINER]:    Done waiting for all views to stop loading
[17.525][FINER]:    Waiting for all views to stop loading...
[17.525][FINER]:    Done waiting for all views to stop loading
[17.525][FINE]:     Command finished (/session/cf8d06d3c9f3d79aafe54e22d0e4f3e7/elements) with response {
   "sessionId": "cf8d06d3c9f3d79aafe54e22d0e4f3e7",
   "status": 0,
   "value": [  ]
}

[17.577][FINE]:     Command received (/session/cf8d06d3c9f3d79aafe54e22d0e4f3e7/elements) with params {
   "using": "xpath",
   "value": ".//a[./@href][(((./@id = 'Bekijk prijzen' or contains(normalize-space(string(.)), 'Bekijk prijzen..."
}

[17.577][FINER]:    Waiting for all views to stop loading...
[17.578][FINER]:    Done waiting for all views to stop loading
[17.589][FINER]:    Waiting for all views to stop loading...
[17.589][FINER]:    Done waiting for all views to stop loading
[17.589][FINE]:     Command finished (/session/cf8d06d3c9f3d79aafe54e22d0e4f3e7/elements) with response {
   "sessionId": "cf8d06d3c9f3d79aafe54e22d0e4f3e7",
   "status": 0,
   "value": [  ]
}

[17.641][FINE]:     Command received (/session/cf8d06d3c9f3d79aafe54e22d0e4f3e7/elements) with params {
   "using": "xpath",
   "value": ".//a[./@href][(((./@id = 'Bekijk prijzen' or contains(normalize-space(string(.)), 'Bekijk prijzen..."
}

[17.641][FINER]:    Waiting for all views to stop loading...
[17.641][FINER]:    Done waiting for all views to stop loading
[17.652][FINER]:    Waiting for all views to stop loading...
[17.652][FINER]:    Done waiting for all views to stop loading
[17.653][FINE]:     Command finished (/session/cf8d06d3c9f3d79aafe54e22d0e4f3e7/elements) with response {
   "sessionId": "cf8d06d3c9f3d79aafe54e22d0e4f3e7",
   "status": 0,
   "value": [  ]
}

[17.704][FINE]:     Command received (/session/cf8d06d3c9f3d79aafe54e22d0e4f3e7/elements) with params {
   "using": "xpath",
   "value": ".//a[./@href][(((./@id = 'Bekijk prijzen' or contains(normalize-space(string(.)), 'Bekijk prijzen..."
}

[17.704][FINER]:    Waiting for all views to stop loading...
[17.705][FINER]:    Done waiting for all views to stop loading
[17.715][FINER]:    Waiting for all views to stop loading...
[17.716][FINER]:    Done waiting for all views to stop loading
[17.716][FINE]:     Command finished (/session/cf8d06d3c9f3d79aafe54e22d0e4f3e7/elements) with response {
   "sessionId": "cf8d06d3c9f3d79aafe54e22d0e4f3e7",
   "status": 0,
   "value": [  ]
}

[17.768][FINE]:     Command received (/session/cf8d06d3c9f3d79aafe54e22d0e4f3e7/elements) with params {
   "using": "xpath",
   "value": ".//a[./@href][(((./@id = 'Bekijk prijzen' or contains(normalize-space(string(.)), 'Bekijk prijzen..."
}

[17.768][FINER]:    Waiting for all views to stop loading...
[17.768][FINER]:    Done waiting for all views to stop loading
[17.779][FINER]:    Waiting for all views to stop loading...
[17.780][FINER]:    Done waiting for all views to stop loading
[17.780][FINE]:     Command finished (/session/cf8d06d3c9f3d79aafe54e22d0e4f3e7/elements) with response {
   "sessionId": "cf8d06d3c9f3d79aafe54e22d0e4f3e7",
   "status": 0,
   "value": [  ]
}

[17.832][FINE]:     Command received (/session/cf8d06d3c9f3d79aafe54e22d0e4f3e7/elements) with params {
   "using": "xpath",
   "value": ".//a[./@href][(((./@id = 'Bekijk prijzen' or contains(normalize-space(string(.)), 'Bekijk prijzen..."
}

[17.832][FINER]:    Waiting for all views to stop loading...
[17.832][FINER]:    Done waiting for all views to stop loading
[17.843][FINER]:    Waiting for all views to stop loading...
[17.843][FINER]:    Done waiting for all views to stop loading
[17.843][FINE]:     Command finished (/session/cf8d06d3c9f3d79aafe54e22d0e4f3e7/elements) with response {
   "sessionId": "cf8d06d3c9f3d79aafe54e22d0e4f3e7",
   "status": 0,
   "value": [  ]
}

[17.895][FINE]:     Command received (/session/cf8d06d3c9f3d79aafe54e22d0e4f3e7/elements) with params {
   "using": "xpath",
   "value": ".//a[./@href][(((./@id = 'Bekijk prijzen' or contains(normalize-space(string(.)), 'Bekijk prijzen..."
}

[17.895][FINER]:    Waiting for all views to stop loading...
[17.896][FINER]:    Done waiting for all views to stop loading
[17.902][FINER]:    Waiting for all views to stop loading...
[17.903][FINER]:    Done waiting for all views to stop loading
[17.903][FINE]:     Command finished (/session/cf8d06d3c9f3d79aafe54e22d0e4f3e7/elements) with response {
   "sessionId": "cf8d06d3c9f3d79aafe54e22d0e4f3e7",
   "status": 0,
   "value": [  ]
}

[17.954][FINE]:     Command received (/session/cf8d06d3c9f3d79aafe54e22d0e4f3e7/elements) with params {
   "using": "xpath",
   "value": ".//a[./@href][(((./@id = 'Bekijk prijzen' or contains(normalize-space(string(.)), 'Bekijk prijzen..."
}

[17.954][FINER]:    Waiting for all views to stop loading...
[17.955][FINER]:    Done waiting for all views to stop loading
[17.966][FINER]:    Waiting for all views to stop loading...
[17.967][FINER]:    Done waiting for all views to stop loading
[17.967][FINE]:     Command finished (/session/cf8d06d3c9f3d79aafe54e22d0e4f3e7/elements) with response {
   "sessionId": "cf8d06d3c9f3d79aafe54e22d0e4f3e7",
   "status": 0,
   "value": [  ]
}

[18.019][FINE]:     Command received (/session/cf8d06d3c9f3d79aafe54e22d0e4f3e7/elements) with params {
   "using": "xpath",
   "value": ".//a[./@href][(((./@id = 'Bekijk prijzen' or contains(normalize-space(string(.)), 'Bekijk prijzen..."
}

[18.019][FINER]:    Waiting for all views to stop loading...
[18.019][FINER]:    Done waiting for all views to stop loading
[18.031][FINER]:    Waiting for all views to stop loading...
[18.031][FINER]:    Done waiting for all views to stop loading
[18.031][FINE]:     Command finished (/session/cf8d06d3c9f3d79aafe54e22d0e4f3e7/elements) with response {
   "sessionId": "cf8d06d3c9f3d79aafe54e22d0e4f3e7",
   "status": 0,
   "value": [  ]
}

[18.083][FINE]:     Command received (/session/cf8d06d3c9f3d79aafe54e22d0e4f3e7/elements) with params {
   "using": "xpath",
   "value": ".//a[./@href][(((./@id = 'Bekijk prijzen' or contains(normalize-space(string(.)), 'Bekijk prijzen..."
}

[18.083][FINER]:    Waiting for all views to stop loading...
[18.084][FINER]:    Done waiting for all views to stop loading
[18.095][FINER]:    Waiting for all views to stop loading...
[18.095][FINER]:    Done waiting for all views to stop loading
[18.095][FINE]:     Command finished (/session/cf8d06d3c9f3d79aafe54e22d0e4f3e7/elements) with response {
   "sessionId": "cf8d06d3c9f3d79aafe54e22d0e4f3e7",
   "status": 0,
   "value": [  ]
}

[18.147][FINE]:     Command received (/session/cf8d06d3c9f3d79aafe54e22d0e4f3e7/elements) with params {
   "using": "xpath",
   "value": ".//a[./@href][(((./@id = 'Bekijk prijzen' or contains(normalize-space(string(.)), 'Bekijk prijzen..."
}

[18.147][FINER]:    Waiting for all views to stop loading...
[18.148][FINER]:    Done waiting for all views to stop loading
[18.158][FINER]:    Waiting for all views to stop loading...
[18.159][FINER]:    Done waiting for all views to stop loading
[18.159][FINE]:     Command finished (/session/cf8d06d3c9f3d79aafe54e22d0e4f3e7/elements) with response {
   "sessionId": "cf8d06d3c9f3d79aafe54e22d0e4f3e7",
   "status": 0,
   "value": [  ]
}

[18.211][FINE]:     Command received (/session/cf8d06d3c9f3d79aafe54e22d0e4f3e7/elements) with params {
   "using": "xpath",
   "value": ".//a[./@href][(((./@id = 'Bekijk prijzen' or contains(normalize-space(string(.)), 'Bekijk prijzen..."
}

[18.211][FINER]:    Waiting for all views to stop loading...
[18.211][FINER]:    Done waiting for all views to stop loading
[18.222][FINER]:    Waiting for all views to stop loading...
[18.222][FINER]:    Done waiting for all views to stop loading
[18.222][FINE]:     Command finished (/session/cf8d06d3c9f3d79aafe54e22d0e4f3e7/elements) with response {
   "sessionId": "cf8d06d3c9f3d79aafe54e22d0e4f3e7",
   "status": 0,
   "value": [  ]
}

[18.274][FINE]:     Command received (/session/cf8d06d3c9f3d79aafe54e22d0e4f3e7/elements) with params {
   "using": "xpath",
   "value": ".//a[./@href][(((./@id = 'Bekijk prijzen' or contains(normalize-space(string(.)), 'Bekijk prijzen..."
}

[18.274][FINER]:    Waiting for all views to stop loading...
[18.275][FINER]:    Done waiting for all views to stop loading
[18.287][FINER]:    Waiting for all views to stop loading...
[18.287][FINER]:    Done waiting for all views to stop loading
[18.287][FINE]:     Command finished (/session/cf8d06d3c9f3d79aafe54e22d0e4f3e7/elements) with response {
   "sessionId": "cf8d06d3c9f3d79aafe54e22d0e4f3e7",
   "status": 0,
   "value": [  ]
}

[18.339][FINE]:     Command received (/session/cf8d06d3c9f3d79aafe54e22d0e4f3e7/elements) with params {
   "using": "xpath",
   "value": ".//a[./@href][(((./@id = 'Bekijk prijzen' or contains(normalize-space(string(.)), 'Bekijk prijzen..."
}

[18.339][FINER]:    Waiting for all views to stop loading...
[18.340][FINER]:    Done waiting for all views to stop loading
[18.350][FINER]:    Waiting for all views to stop loading...
[18.351][FINER]:    Done waiting for all views to stop loading
[18.351][FINE]:     Command finished (/session/cf8d06d3c9f3d79aafe54e22d0e4f3e7/elements) with response {
   "sessionId": "cf8d06d3c9f3d79aafe54e22d0e4f3e7",
   "status": 0,
   "value": [  ]
}

[18.403][FINE]:     Command received (/session/cf8d06d3c9f3d79aafe54e22d0e4f3e7/elements) with params {
   "using": "xpath",
   "value": ".//a[./@href][(((./@id = 'Bekijk prijzen' or contains(normalize-space(string(.)), 'Bekijk prijzen..."
}

[18.403][FINER]:    Waiting for all views to stop loading...
[18.403][FINER]:    Done waiting for all views to stop loading
[18.415][FINER]:    Waiting for all views to stop loading...
[18.416][FINER]:    Done waiting for all views to stop loading
[18.416][FINE]:     Command finished (/session/cf8d06d3c9f3d79aafe54e22d0e4f3e7/elements) with response {
   "sessionId": "cf8d06d3c9f3d79aafe54e22d0e4f3e7",
   "status": 0,
   "value": [  ]
}

[18.468][FINE]:     Command received (/session/cf8d06d3c9f3d79aafe54e22d0e4f3e7/elements) with params {
   "using": "xpath",
   "value": ".//a[./@href][(((./@id = 'Bekijk prijzen' or contains(normalize-space(string(.)), 'Bekijk prijzen..."
}

[18.468][FINER]:    Waiting for all views to stop loading...
[18.469][FINER]:    Done waiting for all views to stop loading
[18.479][FINER]:    Waiting for all views to stop loading...
[18.480][FINER]:    Done waiting for all views to stop loading
[18.480][FINE]:     Command finished (/session/cf8d06d3c9f3d79aafe54e22d0e4f3e7/elements) with response {
   "sessionId": "cf8d06d3c9f3d79aafe54e22d0e4f3e7",
   "status": 0,
   "value": [  ]
}

[18.532][FINE]:     Command received (/session/cf8d06d3c9f3d79aafe54e22d0e4f3e7/elements) with params {
   "using": "xpath",
   "value": ".//a[./@href][(((./@id = 'Bekijk prijzen' or contains(normalize-space(string(.)), 'Bekijk prijzen..."
}

[18.532][FINER]:    Waiting for all views to stop loading...
[18.532][FINER]:    Done waiting for all views to stop loading
[18.544][FINER]:    Waiting for all views to stop loading...
[18.545][FINER]:    Done waiting for all views to stop loading
[18.545][FINE]:     Command finished (/session/cf8d06d3c9f3d79aafe54e22d0e4f3e7/elements) with response {
   "sessionId": "cf8d06d3c9f3d79aafe54e22d0e4f3e7",
   "status": 0,
   "value": [  ]
}

[18.596][FINE]:     Command received (/session/cf8d06d3c9f3d79aafe54e22d0e4f3e7/elements) with params {
   "using": "xpath",
   "value": ".//a[./@href][(((./@id = 'Bekijk prijzen' or contains(normalize-space(string(.)), 'Bekijk prijzen..."
}

[18.596][FINER]:    Waiting for all views to stop loading...
[18.596][FINER]:    Done waiting for all views to stop loading
[18.603][FINER]:    Waiting for all views to stop loading...
[18.603][FINER]:    Done waiting for all views to stop loading
[18.603][FINE]:     Command finished (/session/cf8d06d3c9f3d79aafe54e22d0e4f3e7/elements) with response {
   "sessionId": "cf8d06d3c9f3d79aafe54e22d0e4f3e7",
   "status": 0,
   "value": [  ]
}

[18.655][FINE]:     Command received (/session/cf8d06d3c9f3d79aafe54e22d0e4f3e7/elements) with params {
   "using": "xpath",
   "value": ".//a[./@href][(((./@id = 'Bekijk prijzen' or contains(normalize-space(string(.)), 'Bekijk prijzen..."
}

[18.655][FINER]:    Waiting for all views to stop loading...
[18.656][FINER]:    Done waiting for all views to stop loading
[18.667][FINER]:    Waiting for all views to stop loading...
[18.668][FINER]:    Done waiting for all views to stop loading
[18.668][FINE]:     Command finished (/session/cf8d06d3c9f3d79aafe54e22d0e4f3e7/elements) with response {
   "sessionId": "cf8d06d3c9f3d79aafe54e22d0e4f3e7",
   "status": 0,
   "value": [  ]
}

[18.720][FINE]:     Command received (/session/cf8d06d3c9f3d79aafe54e22d0e4f3e7/elements) with params {
   "using": "xpath",
   "value": ".//a[./@href][(((./@id = 'Bekijk prijzen' or contains(normalize-space(string(.)), 'Bekijk prijzen..."
}

[18.720][FINER]:    Waiting for all views to stop loading...
[18.721][FINER]:    Done waiting for all views to stop loading
[18.731][FINER]:    Waiting for all views to stop loading...
[18.732][FINER]:    Done waiting for all views to stop loading
[18.732][FINE]:     Command finished (/session/cf8d06d3c9f3d79aafe54e22d0e4f3e7/elements) with response {
   "sessionId": "cf8d06d3c9f3d79aafe54e22d0e4f3e7",
   "status": 0,
   "value": [  ]
}

[18.784][FINE]:     Command received (/session/cf8d06d3c9f3d79aafe54e22d0e4f3e7/elements) with params {
   "using": "xpath",
   "value": ".//a[./@href][(((./@id = 'Bekijk prijzen' or contains(normalize-space(string(.)), 'Bekijk prijzen..."
}

[18.784][FINER]:    Waiting for all views to stop loading...
[18.785][FINER]:    Done waiting for all views to stop loading
[18.795][FINER]:    Waiting for all views to stop loading...
[18.796][FINER]:    Done waiting for all views to stop loading
[18.796][FINE]:     Command finished (/session/cf8d06d3c9f3d79aafe54e22d0e4f3e7/elements) with response {
   "sessionId": "cf8d06d3c9f3d79aafe54e22d0e4f3e7",
   "status": 0,
   "value": [  ]
}

[18.848][FINE]:     Command received (/session/cf8d06d3c9f3d79aafe54e22d0e4f3e7/elements) with params {
   "using": "xpath",
   "value": ".//a[./@href][(((./@id = 'Bekijk prijzen' or contains(normalize-space(string(.)), 'Bekijk prijzen..."
}

[18.848][FINER]:    Waiting for all views to stop loading...
[18.848][FINER]:    Done waiting for all views to stop loading
[18.859][FINER]:    Waiting for all views to stop loading...
[18.859][FINER]:    Done waiting for all views to stop loading
[18.859][FINE]:     Command finished (/session/cf8d06d3c9f3d79aafe54e22d0e4f3e7/elements) with response {
   "sessionId": "cf8d06d3c9f3d79aafe54e22d0e4f3e7",
   "status": 0,
   "value": [  ]
}

[18.911][FINE]:     Command received (/session/cf8d06d3c9f3d79aafe54e22d0e4f3e7/elements) with params {
   "using": "xpath",
   "value": ".//a[./@href][(((./@id = 'Bekijk prijzen' or contains(normalize-space(string(.)), 'Bekijk prijzen..."
}

[18.911][FINER]:    Waiting for all views to stop loading...
[18.912][FINER]:    Done waiting for all views to stop loading
[18.923][FINER]:    Waiting for all views to stop loading...
[18.923][FINER]:    Done waiting for all views to stop loading
[18.923][FINE]:     Command finished (/session/cf8d06d3c9f3d79aafe54e22d0e4f3e7/elements) with response {
   "sessionId": "cf8d06d3c9f3d79aafe54e22d0e4f3e7",
   "status": 0,
   "value": [  ]
}

[18.975][FINE]:     Command received (/session/cf8d06d3c9f3d79aafe54e22d0e4f3e7/elements) with params {
   "using": "xpath",
   "value": ".//a[./@href][(((./@id = 'Bekijk prijzen' or contains(normalize-space(string(.)), 'Bekijk prijzen..."
}

[18.975][FINER]:    Waiting for all views to stop loading...
[18.976][FINER]:    Done waiting for all views to stop loading
[18.987][FINER]:    Waiting for all views to stop loading...
[18.987][FINER]:    Done waiting for all views to stop loading
[18.987][FINE]:     Command finished (/session/cf8d06d3c9f3d79aafe54e22d0e4f3e7/elements) with response {
   "sessionId": "cf8d06d3c9f3d79aafe54e22d0e4f3e7",
   "status": 0,
   "value": [  ]
}

[19.039][FINE]:     Command received (/session/cf8d06d3c9f3d79aafe54e22d0e4f3e7/elements) with params {
   "using": "xpath",
   "value": ".//a[./@href][(((./@id = 'Bekijk prijzen' or contains(normalize-space(string(.)), 'Bekijk prijzen..."
}

[19.039][FINER]:    Waiting for all views to stop loading...
[19.040][FINER]:    Done waiting for all views to stop loading
[19.050][FINER]:    Waiting for all views to stop loading...
[19.051][FINER]:    Done waiting for all views to stop loading
[19.051][FINE]:     Command finished (/session/cf8d06d3c9f3d79aafe54e22d0e4f3e7/elements) with response {
   "sessionId": "cf8d06d3c9f3d79aafe54e22d0e4f3e7",
   "status": 0,
   "value": [  ]
}

[19.103][FINE]:     Command received (/session/cf8d06d3c9f3d79aafe54e22d0e4f3e7/elements) with params {
   "using": "xpath",
   "value": ".//a[./@href][(((./@id = 'Bekijk prijzen' or contains(normalize-space(string(.)), 'Bekijk prijzen..."
}

[19.103][FINER]:    Waiting for all views to stop loading...
[19.103][FINER]:    Done waiting for all views to stop loading
[19.114][FINER]:    Waiting for all views to stop loading...
[19.115][FINER]:    Done waiting for all views to stop loading
[19.115][FINE]:     Command finished (/session/cf8d06d3c9f3d79aafe54e22d0e4f3e7/elements) with response {
   "sessionId": "cf8d06d3c9f3d79aafe54e22d0e4f3e7",
   "status": 0,
   "value": [  ]
}

[19.167][FINE]:     Command received (/session/cf8d06d3c9f3d79aafe54e22d0e4f3e7/elements) with params {
   "using": "xpath",
   "value": ".//a[./@href][(((./@id = 'Bekijk prijzen' or contains(normalize-space(string(.)), 'Bekijk prijzen..."
}

[19.167][FINER]:    Waiting for all views to stop loading...
[19.167][FINER]:    Done waiting for all views to stop loading
[19.178][FINER]:    Waiting for all views to stop loading...
[19.179][FINER]:    Done waiting for all views to stop loading
[19.179][FINE]:     Command finished (/session/cf8d06d3c9f3d79aafe54e22d0e4f3e7/elements) with response {
   "sessionId": "cf8d06d3c9f3d79aafe54e22d0e4f3e7",
   "status": 0,
   "value": [  ]
}

[19.231][FINE]:     Command received (/session/cf8d06d3c9f3d79aafe54e22d0e4f3e7/elements) with params {
   "using": "xpath",
   "value": ".//a[./@href][(((./@id = 'Bekijk prijzen' or contains(normalize-space(string(.)), 'Bekijk prijzen..."
}

[19.231][FINER]:    Waiting for all views to stop loading...
[19.232][FINER]:    Done waiting for all views to stop loading
[19.243][FINER]:    Waiting for all views to stop loading...
[19.244][FINER]:    Done waiting for all views to stop loading
[19.244][FINE]:     Command finished (/session/cf8d06d3c9f3d79aafe54e22d0e4f3e7/elements) with response {
   "sessionId": "cf8d06d3c9f3d79aafe54e22d0e4f3e7",
   "status": 0,
   "value": [  ]
}

[19.295][FINE]:     Command received (/session/cf8d06d3c9f3d79aafe54e22d0e4f3e7/elements) with params {
   "using": "xpath",
   "value": ".//a[./@href][(((./@id = 'Bekijk prijzen' or contains(normalize-space(string(.)), 'Bekijk prijzen..."
}

[19.296][FINER]:    Waiting for all views to stop loading...
[19.296][FINER]:    Done waiting for all views to stop loading
[19.307][FINER]:    Waiting for all views to stop loading...
[19.308][FINER]:    Done waiting for all views to stop loading
[19.308][FINE]:     Command finished (/session/cf8d06d3c9f3d79aafe54e22d0e4f3e7/elements) with response {
   "sessionId": "cf8d06d3c9f3d79aafe54e22d0e4f3e7",
   "status": 0,
   "value": [  ]
}

[19.359][FINE]:     Command received (/session/cf8d06d3c9f3d79aafe54e22d0e4f3e7/elements) with params {
   "using": "xpath",
   "value": ".//a[./@href][(((./@id = 'Bekijk prijzen' or contains(normalize-space(string(.)), 'Bekijk prijzen..."
}

[19.359][FINER]:    Waiting for all views to stop loading...
[19.360][FINER]:    Done waiting for all views to stop loading
[19.371][FINER]:    Waiting for all views to stop loading...
[19.371][FINER]:    Done waiting for all views to stop loading
[19.371][FINE]:     Command finished (/session/cf8d06d3c9f3d79aafe54e22d0e4f3e7/elements) with response {
   "sessionId": "cf8d06d3c9f3d79aafe54e22d0e4f3e7",
   "status": 0,
   "value": [  ]
}

[19.423][FINE]:     Command received (/session/cf8d06d3c9f3d79aafe54e22d0e4f3e7/elements) with params {
   "using": "xpath",
   "value": ".//a[./@href][(((./@id = 'Bekijk prijzen' or contains(normalize-space(string(.)), 'Bekijk prijzen..."
}

[19.423][FINER]:    Waiting for all views to stop loading...
[19.424][FINER]:    Done waiting for all views to stop loading
[19.434][FINER]:    Waiting for all views to stop loading...
[19.435][FINER]:    Done waiting for all views to stop loading
[19.435][FINE]:     Command finished (/session/cf8d06d3c9f3d79aafe54e22d0e4f3e7/elements) with response {
   "sessionId": "cf8d06d3c9f3d79aafe54e22d0e4f3e7",
   "status": 0,
   "value": [  ]
}

[19.487][FINE]:     Command received (/session/cf8d06d3c9f3d79aafe54e22d0e4f3e7/elements) with params {
   "using": "xpath",
   "value": ".//a[./@href][(((./@id = 'Bekijk prijzen' or contains(normalize-space(string(.)), 'Bekijk prijzen..."
}

[19.487][FINER]:    Waiting for all views to stop loading...
[19.488][FINER]:    Done waiting for all views to stop loading
[19.498][FINER]:    Waiting for all views to stop loading...
[19.499][FINER]:    Done waiting for all views to stop loading
[19.499][FINE]:     Command finished (/session/cf8d06d3c9f3d79aafe54e22d0e4f3e7/elements) with response {
   "sessionId": "cf8d06d3c9f3d79aafe54e22d0e4f3e7",
   "status": 0,
   "value": [  ]
}

[19.551][FINE]:     Command received (/session/cf8d06d3c9f3d79aafe54e22d0e4f3e7/elements) with params {
   "using": "xpath",
   "value": ".//a[./@href][(((./@id = 'Bekijk prijzen' or contains(normalize-space(string(.)), 'Bekijk prijzen..."
}

[19.551][FINER]:    Waiting for all views to stop loading...
[19.551][FINER]:    Done waiting for all views to stop loading
[19.568][FINER]:    Waiting for all views to stop loading...
[19.569][FINER]:    Done waiting for all views to stop loading
[19.569][FINE]:     Command finished (/session/cf8d06d3c9f3d79aafe54e22d0e4f3e7/elements) with response {
   "sessionId": "cf8d06d3c9f3d79aafe54e22d0e4f3e7",
   "status": 0,
   "value": [  ]
}

[19.620][FINE]:     Command received (/session/cf8d06d3c9f3d79aafe54e22d0e4f3e7/elements) with params {
   "using": "xpath",
   "value": ".//a[./@href][(((./@id = 'Bekijk prijzen' or contains(normalize-space(string(.)), 'Bekijk prijzen..."
}

[19.621][FINER]:    Waiting for all views to stop loading...
[19.621][FINER]:    Done waiting for all views to stop loading
[19.632][FINER]:    Waiting for all views to stop loading...
[19.632][FINER]:    Done waiting for all views to stop loading
[19.632][FINE]:     Command finished (/session/cf8d06d3c9f3d79aafe54e22d0e4f3e7/elements) with response {
   "sessionId": "cf8d06d3c9f3d79aafe54e22d0e4f3e7",
   "status": 0,
   "value": [  ]
}

[19.684][FINE]:     Command received (/session/cf8d06d3c9f3d79aafe54e22d0e4f3e7/elements) with params {
   "using": "xpath",
   "value": ".//a[./@href][(((./@id = 'Bekijk prijzen' or contains(normalize-space(string(.)), 'Bekijk prijzen..."
}

[19.684][FINER]:    Waiting for all views to stop loading...
[19.685][FINER]:    Done waiting for all views to stop loading
[19.696][FINER]:    Waiting for all views to stop loading...
[19.697][FINER]:    Done waiting for all views to stop loading
[19.697][FINE]:     Command finished (/session/cf8d06d3c9f3d79aafe54e22d0e4f3e7/elements) with response {
   "sessionId": "cf8d06d3c9f3d79aafe54e22d0e4f3e7",
   "status": 0,
   "value": [  ]
}

[19.748][FINE]:     Command received (/session/cf8d06d3c9f3d79aafe54e22d0e4f3e7/elements) with params {
   "using": "xpath",
   "value": ".//a[./@href][(((./@id = 'Bekijk prijzen' or contains(normalize-space(string(.)), 'Bekijk prijzen..."
}

[19.748][FINER]:    Waiting for all views to stop loading...
[19.749][FINER]:    Done waiting for all views to stop loading
[19.759][FINER]:    Waiting for all views to stop loading...
[19.760][FINER]:    Done waiting for all views to stop loading
[19.760][FINE]:     Command finished (/session/cf8d06d3c9f3d79aafe54e22d0e4f3e7/elements) with response {
   "sessionId": "cf8d06d3c9f3d79aafe54e22d0e4f3e7",
   "status": 0,
   "value": [  ]
}

[19.812][FINE]:     Command received (/session/cf8d06d3c9f3d79aafe54e22d0e4f3e7/elements) with params {
   "using": "xpath",
   "value": ".//a[./@href][(((./@id = 'Bekijk prijzen' or contains(normalize-space(string(.)), 'Bekijk prijzen..."
}

[19.812][FINER]:    Waiting for all views to stop loading...
[19.813][FINER]:    Done waiting for all views to stop loading
[19.823][FINER]:    Waiting for all views to stop loading...
[19.824][FINER]:    Done waiting for all views to stop loading
[19.824][FINE]:     Command finished (/session/cf8d06d3c9f3d79aafe54e22d0e4f3e7/elements) with response {
   "sessionId": "cf8d06d3c9f3d79aafe54e22d0e4f3e7",
   "status": 0,
   "value": [  ]
}

[19.876][FINE]:     Command received (/session/cf8d06d3c9f3d79aafe54e22d0e4f3e7/elements) with params {
   "using": "xpath",
   "value": ".//a[./@href][(((./@id = 'Bekijk prijzen' or contains(normalize-space(string(.)), 'Bekijk prijzen..."
}

[19.876][FINER]:    Waiting for all views to stop loading...
[19.876][FINER]:    Done waiting for all views to stop loading
[19.887][FINER]:    Waiting for all views to stop loading...
[19.887][FINER]:    Done waiting for all views to stop loading
[19.888][FINE]:     Command finished (/session/cf8d06d3c9f3d79aafe54e22d0e4f3e7/elements) with response {
   "sessionId": "cf8d06d3c9f3d79aafe54e22d0e4f3e7",
   "status": 0,
   "value": [  ]
}

[19.939][FINE]:     Command received (/session/cf8d06d3c9f3d79aafe54e22d0e4f3e7/elements) with params {
   "using": "xpath",
   "value": ".//a[./@href][(((./@id = 'Bekijk prijzen' or contains(normalize-space(string(.)), 'Bekijk prijzen..."
}

[19.939][FINER]:    Waiting for all views to stop loading...
[19.940][FINER]:    Done waiting for all views to stop loading
[19.951][FINER]:    Waiting for all views to stop loading...
[19.952][FINER]:    Done waiting for all views to stop loading
[19.952][FINE]:     Command finished (/session/cf8d06d3c9f3d79aafe54e22d0e4f3e7/elements) with response {
   "sessionId": "cf8d06d3c9f3d79aafe54e22d0e4f3e7",
   "status": 0,
   "value": [  ]
}

[20.003][FINE]:     Command received (/session/cf8d06d3c9f3d79aafe54e22d0e4f3e7/elements) with params {
   "using": "xpath",
   "value": ".//a[./@href][(((./@id = 'Bekijk prijzen' or contains(normalize-space(string(.)), 'Bekijk prijzen..."
}

[20.004][FINER]:    Waiting for all views to stop loading...
[20.004][FINER]:    Done waiting for all views to stop loading
[20.015][FINER]:    Waiting for all views to stop loading...
[20.015][FINER]:    Done waiting for all views to stop loading
[20.015][FINE]:     Command finished (/session/cf8d06d3c9f3d79aafe54e22d0e4f3e7/elements) with response {
   "sessionId": "cf8d06d3c9f3d79aafe54e22d0e4f3e7",
   "status": 0,
   "value": [  ]
}

[20.067][FINE]:     Command received (/session/cf8d06d3c9f3d79aafe54e22d0e4f3e7/elements) with params {
   "using": "xpath",
   "value": ".//a[./@href][(((./@id = 'Bekijk prijzen' or contains(normalize-space(string(.)), 'Bekijk prijzen..."
}

[20.067][FINER]:    Waiting for all views to stop loading...
[20.068][FINER]:    Done waiting for all views to stop loading
[20.078][FINER]:    Waiting for all views to stop loading...
[20.079][FINER]:    Done waiting for all views to stop loading
[20.079][FINE]:     Command finished (/session/cf8d06d3c9f3d79aafe54e22d0e4f3e7/elements) with response {
   "sessionId": "cf8d06d3c9f3d79aafe54e22d0e4f3e7",
   "status": 0,
   "value": [  ]
}

[20.131][FINE]:     Command received (/session/cf8d06d3c9f3d79aafe54e22d0e4f3e7/elements) with params {
   "using": "xpath",
   "value": ".//a[./@href][(((./@id = 'Bekijk prijzen' or contains(normalize-space(string(.)), 'Bekijk prijzen..."
}

[20.131][FINER]:    Waiting for all views to stop loading...
[20.131][FINER]:    Done waiting for all views to stop loading
[20.142][FINER]:    Waiting for all views to stop loading...
[20.142][FINER]:    Done waiting for all views to stop loading
[20.142][FINE]:     Command finished (/session/cf8d06d3c9f3d79aafe54e22d0e4f3e7/elements) with response {
   "sessionId": "cf8d06d3c9f3d79aafe54e22d0e4f3e7",
   "status": 0,
   "value": [  ]
}

[20.148][FINE]:     Command received (/session/cf8d06d3c9f3d79aafe54e22d0e4f3e7)
[31.206][WARNING]:  Chrome still running, terminating...
[31.206][INFO]:     Chrome shutdown
